[debug] [2026-04-09T04:00:52.902Z] ----------------------------------------------------------------------
[debug] [2026-04-09T04:00:52.906Z] Command:       C:\Program Files\nodejs\node.exe C:\Users\HoneyBadger\AppData\Roaming\npm\node_modules\firebase-tools\lib\bin\firebase.js init
[debug] [2026-04-09T04:00:52.906Z] CLI Version:   15.13.0
[debug] [2026-04-09T04:00:52.907Z] Platform:      win32
[debug] [2026-04-09T04:00:52.907Z] Node Version:  v25.6.0
[debug] [2026-04-09T04:00:52.907Z] Time:          Thu Apr 09 2026 09:30:52 GMT+0530 (India Standard Time)
[debug] [2026-04-09T04:00:52.907Z] ----------------------------------------------------------------------
[debug] 
[info] 
     ######## #### ########  ######## ########     ###     ######  ########
     ##        ##  ##     ## ##       ##     ##  ##   ##  ##       ##
     ######    ##  ########  ######   ########  #########  ######  ######
     ##        ##  ##    ##  ##       ##     ## ##     ##       ## ##
     ##       #### ##     ## ######## ########  ##     ##  ######  ########

You're about to initialize a Firebase project in this directory:

  D:\Quiz Website

[debug] [2026-04-09T04:02:39.853Z] ExitPromptError: User force closed the prompt with SIGINT
    at Interface.sigint (C:\Users\HoneyBadger\AppData\Roaming\npm\node_modules\firebase-tools\node_modules\@inquirer\core\dist\commonjs\lib\create-prompt.js:101:37)
    at Interface.emit (node:events:508:20)
    at [_ttyWrite] [as _ttyWrite] (node:internal/readline/interface:1327:18)
    at ReadStream.onkeypress (node:internal/readline/interface:284:20)
    at ReadStream.emit (node:events:520:22)
    at emitKeys (node:internal/readline/utils:371:14)
    at emitKeys.next (<anonymous>)
    at ReadStream.onData (node:internal/readline/emitKeypressEvents:64:36)
    at ReadStream.emit (node:events:508:20)
    at addChunk (node:internal/streams/readable:564:12)
[error] 
[error] Error: An unexpected error has occurred.
